#
# There is insufficient memory for the Java Runtime Environment to continue.
# Native memory allocation (malloc) failed to allocate 1048576 bytes for AllocateHeap
# Possible reasons:
#   The system is out of physical RAM or swap space
#   The process is running with CompressedOops enabled, and the Java Heap may be blocking the growth of the native heap
# Possible solutions:
#   Reduce memory load on the system
#   Increase physical memory or swap space
#   Check if swap backing store is full
#   Decrease Java heap size (-Xmx/-Xms)
#   Decrease number of Java threads
#   Decrease Java thread stack sizes (-Xss)
#   Set larger code cache with -XX:ReservedCodeCacheSize=
#   JVM is running with Unscaled Compressed Oops mode in which the Java heap is
#     placed in the first 4GB address space. The Java Heap base address is the
#     maximum limit for the native heap growth. Please use -XX:HeapBaseMinAddress
#     to set the Java Heap base and to place the Java Heap above 4GB virtual address.
# This output file may be truncated or incomplete.
#
#  Out of Memory Error (memory/allocation.inline.hpp:61), pid=29792, tid=0x0000000000007070
#
# JRE version:  (8.0_261-b12) (build )
# Java VM: Java HotSpot(TM) 64-Bit Server VM (25.261-b12 mixed mode windows-amd64 compressed oops)
# Failed to write core dump. Minidumps are not enabled by default on client versions of Windows
#

---------------  T H R E A D  ---------------

Current thread (0x0000017e363b9800):  JavaThread "Unknown thread" [_thread_in_vm, id=28784, stack(0x0000003a17500000,0x0000003a17600000)]

Stack: [0x0000003a17500000,0x0000003a17600000]
Native frames: (J=compiled Java code, j=interpreted, Vv=VM code, C=native code)
V  [jvm.dll+0x33e5f9]
V  [jvm.dll+0x2850e2]
V  [jvm.dll+0x285d8d]
V  [jvm.dll+0x27c895]
V  [jvm.dll+0x1565d]
V  [jvm.dll+0x3d9117]
V  [jvm.dll+0x3d5557]
V  [jvm.dll+0x10c61f]
V  [jvm.dll+0x21a00b]
V  [jvm.dll+0x248687]
V  [jvm.dll+0x172116]
C  [javaw.exe+0x2322]
C  [javaw.exe+0x16564]
C  [KERNEL32.DLL+0x17c24]
C  [ntdll.dll+0x6d4d1]


---------------  P R O C E S S  ---------------

Java Threads: ( => current thread )

Other Threads:

=>0x0000017e363b9800 (exited) JavaThread "Unknown thread" [_thread_in_vm, id=28784, stack(0x0000003a17500000,0x0000003a17600000)]

VM state:not at safepoint (normal execution)

VM Mutex/Monitor currently owned by a thread: None

heap address: 0x0000000082600000, size: 2010 MB, Compressed Oops mode: 32-bit
Narrow klass base: 0x0000000000000000, Narrow klass shift: 3
Compressed class space size: 1073741824 Address: 0x0000000100000000

Heap:
 PSYoungGen      total 37888K, used 655K [0x00000000d6200000, 0x00000000d8c00000, 0x0000000100000000)
  eden space 32768K, 2% used [0x00000000d6200000,0x00000000d62a3d80,0x00000000d8200000)
  from space 5120K, 0% used [0x00000000d8700000,0x00000000d8700000,0x00000000d8c00000)
  to   space 5120K, 0% used [0x00000000d8200000,0x00000000d8200000,0x00000000d8700000)
 ParOldGen       total 86016K, used 0K [0x0000000082600000, 0x0000000087a00000, 0x00000000d6200000)
  object space 86016K, 0% used [0x0000000082600000,0x0000000082600000,0x0000000087a00000)
 Metaspace       used 752K, capacity 4480K, committed 4480K, reserved 1056768K
  class space    used 76K, capacity 384K, committed 384K, reserved 1048576K

Card table byte_map: [0x0000017e47080000,0x0000017e47470000] byte_map_base: 0x0000017e46c6d000

Marking Bits: (ParMarkBitMap*) 0x000000005d574fb0
 Begin Bits: [0x0000017e47710000, 0x0000017e49678000)
 End Bits:   [0x0000017e49678000, 0x0000017e4b5e0000)

Polling page: 0x0000017e364e0000

CodeCache: size=245760Kb used=328Kb max_used=328Kb free=245431Kb
 bounds [0x0000017e37cc0000, 0x0000017e37f30000, 0x0000017e46cc0000]
 total_blobs=58 nmethods=0 adapters=38
 compilation: enabled

Compilation events (0 events):
No events

GC Heap History (0 events):
No events

Deoptimization events (0 events):
No events

Classes redefined (0 events):
No events

Internal exceptions (0 events):
No events

Events (10 events):
Event: 0.031 loading class java/lang/Short
Event: 0.031 loading class java/lang/Short done
Event: 0.031 loading class java/lang/Integer
Event: 0.032 loading class java/lang/Integer done
Event: 0.032 loading class java/lang/Long
Event: 0.032 loading class java/lang/Long done
Event: 0.032 loading class java/lang/NullPointerException
Event: 0.032 loading class java/lang/NullPointerException done
Event: 0.032 loading class java/lang/ArithmeticException
Event: 0.032 loading class java/lang/ArithmeticException done


Dynamic libraries:
0x00007ff6094e0000 - 0x00007ff609527000 	C:\Program Files\Java\jre1.8.0_261\bin\javaw.exe
0x00007ffc143e0000 - 0x00007ffc145d0000 	C:\WINDOWS\SYSTEM32\ntdll.dll
0x00007ffc12490000 - 0x00007ffc12542000 	C:\WINDOWS\System32\KERNEL32.DLL
0x00007ffc11620000 - 0x00007ffc118c5000 	C:\WINDOWS\System32\KERNELBASE.dll
0x00007ffc125d0000 - 0x00007ffc12673000 	C:\WINDOWS\System32\ADVAPI32.dll
0x00007ffc12fe0000 - 0x00007ffc1307e000 	C:\WINDOWS\System32\msvcrt.dll
0x00007ffc13080000 - 0x00007ffc13117000 	C:\WINDOWS\System32\sechost.dll
0x00007ffc133f0000 - 0x00007ffc13510000 	C:\WINDOWS\System32\RPCRT4.dll
0x00007ffc13a40000 - 0x00007ffc13bd4000 	C:\WINDOWS\System32\USER32.dll
0x00007ffc11950000 - 0x00007ffc11971000 	C:\WINDOWS\System32\win32u.dll
0x00007ffc13600000 - 0x00007ffc13626000 	C:\WINDOWS\System32\GDI32.dll
0x00007ffc11a30000 - 0x00007ffc11bc6000 	C:\WINDOWS\System32\gdi32full.dll
0x00007ffc11bd0000 - 0x00007ffc11c6e000 	C:\WINDOWS\System32\msvcp_win.dll
0x00007ffc11360000 - 0x00007ffc1145a000 	C:\WINDOWS\System32\ucrtbase.dll
0x00007ffbf7d90000 - 0x00007ffbf8014000 	C:\WINDOWS\WinSxS\amd64_microsoft.windows.common-controls_6595b64144ccf1df_6.0.18362.1198_none_9e820b57e45ad92f\COMCTL32.dll
0x00007ffc13be0000 - 0x00007ffc13f15000 	C:\WINDOWS\System32\combase.dll
0x00007ffc118d0000 - 0x00007ffc11950000 	C:\WINDOWS\System32\bcryptPrimitives.dll
0x00007ffc13a10000 - 0x00007ffc13a3e000 	C:\WINDOWS\System32\IMM32.DLL
0x00007ffc0a360000 - 0x00007ffc0a375000 	C:\Program Files\Java\jre1.8.0_261\bin\vcruntime140.dll
0x00007ffbded90000 - 0x00007ffbdee2b000 	C:\Program Files\Java\jre1.8.0_261\bin\msvcp140.dll
0x000000005cd80000 - 0x000000005d5ec000 	C:\Program Files\Java\jre1.8.0_261\bin\server\jvm.dll
0x00007ffc14390000 - 0x00007ffc14398000 	C:\WINDOWS\System32\PSAPI.DLL
0x00007ffc06240000 - 0x00007ffc06264000 	C:\WINDOWS\SYSTEM32\WINMM.dll
0x00007ffbfd3a0000 - 0x00007ffbfd3a9000 	C:\WINDOWS\SYSTEM32\WSOCK32.dll
0x00007ffc13380000 - 0x00007ffc133ef000 	C:\WINDOWS\System32\WS2_32.dll
0x00007ffc07520000 - 0x00007ffc0752a000 	C:\WINDOWS\SYSTEM32\VERSION.dll
0x00007ffc06000000 - 0x00007ffc0602d000 	C:\WINDOWS\SYSTEM32\WINMMBASE.dll
0x00007ffc11480000 - 0x00007ffc114ca000 	C:\WINDOWS\System32\cfgmgr32.dll
0x00007ffc112a0000 - 0x00007ffc112b1000 	C:\WINDOWS\System32\kernel.appcore.dll
0x00007ffc0d280000 - 0x00007ffc0d290000 	C:\Program Files\Java\jre1.8.0_261\bin\verify.dll
0x00007ffbeda30000 - 0x00007ffbeda5b000 	C:\Program Files\Java\jre1.8.0_261\bin\java.dll
0x00007ffc09030000 - 0x00007ffc09048000 	C:\Program Files\Java\jre1.8.0_261\bin\zip.dll
0x00007ffc0faf0000 - 0x00007ffc0fce4000 	C:\WINDOWS\SYSTEM32\dbghelp.dll

VM Arguments:
jvm_args: -Dfile.encoding=Cp1252 
java_command: myskunk.pl.SkunkApp
java_class_path (initial): C:\Users\surek\Desktop\635\p_1_1_skunk\SkunkProject\SkunkProject\bin;C:\Users\surek\Desktop\635\p_1_1_skunk\SkunkProject\SkunkProject\lib\stdlib-package.jar;C:\Users\surek\.p2\pool\plugins\org.junit.jupiter.api_5.6.0.v20200203-2009.jar;C:\Users\surek\.p2\pool\plugins\org.junit.jupiter.engine_5.6.0.v20200203-2009.jar;C:\Users\surek\.p2\pool\plugins\org.junit.jupiter.migrationsupport_5.6.0.v20200203-2009.jar;C:\Users\surek\.p2\pool\plugins\org.junit.jupiter.params_5.6.0.v20200203-2009.jar;C:\Users\surek\.p2\pool\plugins\org.junit.platform.commons_1.6.0.v20200203-2009.jar;C:\Users\surek\.p2\pool\plugins\org.junit.platform.engine_1.6.0.v20200203-2009.jar;C:\Users\surek\.p2\pool\plugins\org.junit.platform.launcher_1.6.0.v20200203-2009.jar;C:\Users\surek\.p2\pool\plugins\org.junit.platform.runner_1.6.0.v20200203-2009.jar;C:\Users\surek\.p2\pool\plugins\org.junit.platform.suite.api_1.6.0.v20200203-2009.jar;C:\Users\surek\.p2\pool\plugins\org.junit.vintage.engine_5.6.0.v20200203-2009.jar;C:\Users\surek\.p2\pool\plugins\org.opentest4j_1.2.0.v20190826-0900.jar;C:\Users\surek\.p2\pool\plugins\org.apiguardian_1.1.0.v20190826-0900.jar;C:\Users\surek\.p2\pool\plugins\org.junit_4.13.0.v20200204-1500.jar;C:\Users\surek\.p2\pool\plugins\org.hamcrest.core_1.3.0.v20180420-1519.jar
Launcher Type: SUN_STANDARD

Environment Variables:
JAVA_HOME=C:\Program Files\Java\jdk1.8.0_261
USERNAME=surek
OS=Windows_NT
PROCESSOR_IDENTIFIER=Intel64 Family 6 Model 142 Stepping 9, GenuineIntel



---------------  S Y S T E M  ---------------

OS: Windows 10.0 , 64 bit Build 18362 (10.0.18362.1110)

CPU:total 4 (initial active 4) (2 cores per cpu, 2 threads per core) family 6 model 142 stepping 9, cmov, cx8, fxsr, mmx, sse, sse2, sse3, ssse3, sse4.1, sse4.2, popcnt, avx, avx2, aes, clmul, erms, 3dnowpref, lzcnt, ht, tsc, tscinvbit, bmi1, bmi2, adx

Memory: 4k page, physical 8227212k(301172k free), swap 33393036k(4472k free)

vm_info: Java HotSpot(TM) 64-Bit Server VM (25.261-b12) for windows-amd64 JRE (1.8.0_261-b12), built on Jun 18 2020 06:56:32 by "" with unknown MS VC++:1916

time: Sat Nov 21 23:50:44 2020
timezone: Central Standard Time
elapsed time: 0 seconds (0d 0h 0m 0s)

